[14:47:45] [main/INFO]: Setting user: Player946
[14:47:49] [main/WARN]: Skipping bad option: lastServer:
[14:47:49] [main/INFO]: LWJGL Version: 2.9.4
[14:47:54] [main/INFO]: Reloading ResourceManager: Default, FMLFileResourcePack:Forge Mod Loader, FMLFileResourcePack:Minecraft Forge, FMLFileResourcePack:Advanced Sword
[14:47:58] [Sound Library Loader/INFO]: Starting up SoundSystem...
[14:47:58] [Thread-5/INFO]: Initializing LWJGL OpenAL
[14:47:58] [Thread-5/INFO]: (The LWJGL binding of OpenAL.  For more information, see http://www.lwjgl.org)
[14:47:59] [Thread-5/INFO]: OpenAL initialized.
[14:47:59] [Sound Library Loader/INFO]: Sound engine started
[14:48:04] [main/INFO]: Created: 512x512 textures-atlas
[14:48:06] [main/WARN]: Skipping bad option: lastServer:
[14:48:06] [main/INFO]: Narrator library for x64 successfully loaded
[14:48:08] [Realms Notification Availability checker #1/INFO]: Could not authorize you against Realms server: Invalid session id
[14:48:11] [Server thread/INFO]: Starting integrated minecraft server version 1.12
[14:48:11] [Server thread/INFO]: Generating keypair
[14:48:12] [Server thread/INFO]: Loaded 488 advancements
[14:48:12] [Server thread/INFO]: Preparing start region for level 0
[14:48:13] [Server thread/INFO]: Preparing spawn area: 47%
[14:48:14] [Server thread/INFO]: Changing view distance to 12, from 10
[14:48:16] [Server thread/INFO]: Player946[local:E:fa977e5d] logged in with entity id 297 at (-66.25216006909528, 69.0, 259.6342069977569)
[14:48:16] [Server thread/INFO]: Player946 joined the game
[14:48:18] [Server thread/INFO]: Saving and pausing game...
[14:48:18] [Server thread/INFO]: Saving chunks for level 'New World'/overworld
[14:48:18] [Server thread/INFO]: Saving chunks for level 'New World'/the_nether
[14:48:18] [Server thread/INFO]: Saving chunks for level 'New World'/the_end
[14:48:18] [pool-2-thread-1/WARN]: Couldn't look up profile properties for com.mojang.authlib.GameProfile@2ed1a8[id=d31b2f98-898c-3f1b-b785-db56ff276dc2,name=Player946,properties={},legacy=false]
com.mojang.authlib.exceptions.AuthenticationException: The client has sent too many requests within a certain amount of time
	at com.mojang.authlib.yggdrasil.YggdrasilAuthenticationService.makeRequest(YggdrasilAuthenticationService.java:79) ~[YggdrasilAuthenticationService.class:?]
	at com.mojang.authlib.yggdrasil.YggdrasilMinecraftSessionService.fillGameProfile(YggdrasilMinecraftSessionService.java:180) [YggdrasilMinecraftSessionService.class:?]
	at com.mojang.authlib.yggdrasil.YggdrasilMinecraftSessionService$1.load(YggdrasilMinecraftSessionService.java:60) [YggdrasilMinecraftSessionService$1.class:?]
	at com.mojang.authlib.yggdrasil.YggdrasilMinecraftSessionService$1.load(YggdrasilMinecraftSessionService.java:57) [YggdrasilMinecraftSessionService$1.class:?]
	at com.google.common.cache.LocalCache$LoadingValueReference.loadFuture(LocalCache.java:3716) [guava-21.0.jar:?]
	at com.google.common.cache.LocalCache$Segment.loadSync(LocalCache.java:2424) [guava-21.0.jar:?]
	at com.google.common.cache.LocalCache$Segment.lockedGetOrLoad(LocalCache.java:2298) [guava-21.0.jar:?]
	at com.google.common.cache.LocalCache$Segment.get(LocalCache.java:2211) [guava-21.0.jar:?]
	at com.google.common.cache.LocalCache.get(LocalCache.java:4154) [guava-21.0.jar:?]
	at com.google.common.cache.LocalCache.getOrLoad(LocalCache.java:4158) [guava-21.0.jar:?]
	at com.google.common.cache.LocalCache$LocalLoadingCache.get(LocalCache.java:5147) [guava-21.0.jar:?]
	at com.google.common.cache.LocalCache$LocalLoadingCache.getUnchecked(LocalCache.java:5153) [guava-21.0.jar:?]
	at com.mojang.authlib.yggdrasil.YggdrasilMinecraftSessionService.fillProfileProperties(YggdrasilMinecraftSessionService.java:170) [YggdrasilMinecraftSessionService.class:?]
	at net.minecraft.client.Minecraft.getProfileProperties(Minecraft.java:3172) [Minecraft.class:?]
	at net.minecraft.client.resources.SkinManager$3.run(SkinManager.java:138) [SkinManager$3.class:?]
	at java.util.concurrent.Executors$RunnableAdapter.call(Executors.java:511) [?:1.8.0_181]
	at java.util.concurrent.FutureTask.run(FutureTask.java:266) [?:1.8.0_181]
	at java.util.concurrent.ThreadPoolExecutor.runWorker(ThreadPoolExecutor.java:1149) [?:1.8.0_181]
	at java.util.concurrent.ThreadPoolExecutor$Worker.run(ThreadPoolExecutor.java:624) [?:1.8.0_181]
	at java.lang.Thread.run(Thread.java:748) [?:1.8.0_181]
[14:48:22] [Server thread/WARN]: Can't keep up! Did the system time change, or is the server overloaded? Running 2129ms behind, skipping 42 tick(s)
[14:49:25] [Server thread/INFO]: Saving and pausing game...
[14:49:25] [Server thread/INFO]: Saving chunks for level 'New World'/overworld
[14:49:26] [Server thread/INFO]: Saving chunks for level 'New World'/the_nether
[14:49:26] [Server thread/INFO]: Saving chunks for level 'New World'/the_end
[14:49:26] [main/INFO]: Stopping!
[14:49:26] [Server thread/INFO]: Stopping server
[14:49:26] [Server thread/INFO]: Saving players
[14:49:26] [Server thread/INFO]: Saving worlds
[14:49:26] [Server thread/INFO]: Saving chunks for level 'New World'/overworld
[14:49:26] [Server thread/INFO]: Saving chunks for level 'New World'/the_nether
[14:49:26] [Server thread/INFO]: Saving chunks for level 'New World'/the_end
[14:49:26] [main/INFO]: SoundSystem shutting down...
[14:49:27] [main/WARN]: Author: Paul Lamb, www.paulscode.com
